<?xml version="1.0" encoding="UTF-8"?>
<!-- Generated by org.testng.reporters.JUnitReportReporter -->
<testsuite hostname="Asim" failures="0" tests="1" name="Zippyplan.Maven_Zippy.AppTest" time="109.646" errors="0" timestamp="2024-10-24T07:16:42 NPT" skipped="0">
  <testcase classname="Zippyplan.Maven_Zippy.AppTest" name="ZippyPlan" time="109.646"/>
  <system-out/>
</testsuite> <!-- Zippyplan.Maven_Zippy.AppTest -->
